This file contains any messages produced by compilers while
running configure, to aid debugging if configure makes a mistake.

It was created by bloompp configure 1.4.34-dev, which was
generated by GNU Autoconf 2.69.  Invocation command line was

  $ ./configure CC=/usr/bin/gcc CXX=/usr/bin/g++ CFLAGS=-g3 -gdwarf-2 CXXFLAGS=-g3 -gdwarf-2

## --------- ##
## Platform. ##
## --------- ##

hostname = a53sm
uname -m = x86_64
uname -r = 3.18.6-1-ARCH
uname -s = Linux
uname -v = #1 SMP PREEMPT Sat Feb 7 08:44:05 CET 2015

/usr/bin/uname -p = unknown
/bin/uname -X     = unknown

/bin/arch              = unknown
/usr/bin/arch -k       = unknown
/usr/convex/getsysinfo = unknown
/usr/bin/hostinfo      = unknown
/bin/machine           = unknown
/usr/bin/oslevel       = unknown
/bin/universe          = unknown

PATH: /usr/bin
PATH: /usr/local/sbin
PATH: /usr/local/bin
PATH: /usr/bin
PATH: /opt/java/bin
PATH: /opt/java/db/bin
PATH: /opt/java/jre/bin
PATH: /opt/palemoon/
PATH: /usr/bin/site_perl
PATH: /usr/bin/vendor_perl
PATH: /usr/bin/core_perl


## ----------- ##
## Core tests. ##
## ----------- ##

configure:2470: checking build system type
configure:2484: result: x86_64-unknown-linux-gnu
configure:2504: checking host system type
configure:2517: result: x86_64-unknown-linux-gnu
configure:2558: checking how to print strings
configure:2585: result: printf
configure:2657: checking for gcc
configure:2684: result: /usr/bin/gcc
configure:2913: checking for C compiler version
configure:2922: /usr/bin/gcc --version >&5
gcc (GCC) 4.9.2 20150304 (prerelease)
Copyright (C) 2014 Free Software Foundation, Inc.
This is free software; see the source for copying conditions.  There is NO
warranty; not even for MERCHANTABILITY or FITNESS FOR A PARTICULAR PURPOSE.

configure:2933: $? = 0
configure:2922: /usr/bin/gcc -v >&5
Using built-in specs.
COLLECT_GCC=/usr/bin/gcc
COLLECT_LTO_WRAPPER=/usr/lib/gcc/x86_64-unknown-linux-gnu/4.9.2/lto-wrapper
Target: x86_64-unknown-linux-gnu
Configured with: /build/gcc/src/gcc-4.9-20150304/configure --prefix=/usr --libdir=/usr/lib --libexecdir=/usr/lib --mandir=/usr/share/man --infodir=/usr/share/info --with-bugurl=https://bugs.archlinux.org/ --enable-languages=c,c++,ada,fortran,go,lto,objc,obj-c++ --enable-shared --enable-threads=posix --with-system-zlib --enable-__cxa_atexit --disable-libunwind-exceptions --enable-clocale=gnu --disable-libstdcxx-pch --disable-libssp --enable-gnu-unique-object --enable-linker-build-id --enable-cloog-backend=isl --enable-lto --enable-plugin --enable-install-libiberty --with-linker-hash-style=gnu --disable-multilib --disable-werror --enable-checking=release
Thread model: posix
gcc version 4.9.2 20150304 (prerelease) (GCC) 
configure:2933: $? = 0
configure:2922: /usr/bin/gcc -V >&5
gcc: error: unrecognized command line option '-V'
gcc: fatal error: no input files
compilation terminated.
configure:2933: $? = 1
configure:2922: /usr/bin/gcc -qversion >&5
gcc: error: unrecognized command line option '-qversion'
gcc: fatal error: no input files
compilation terminated.
configure:2933: $? = 1
configure:2953: checking whether the C compiler works
configure:2975: /usr/bin/gcc -g3 -gdwarf-2   conftest.c  >&5
configure:2979: $? = 0
configure:3027: result: yes
configure:3030: checking for C compiler default output file name
configure:3032: result: a.out
configure:3038: checking for suffix of executables
configure:3045: /usr/bin/gcc -o conftest -g3 -gdwarf-2   conftest.c  >&5
configure:3049: $? = 0
configure:3071: result: 
configure:3093: checking whether we are cross compiling
configure:3101: /usr/bin/gcc -o conftest -g3 -gdwarf-2   conftest.c  >&5
configure:3105: $? = 0
configure:3112: ./conftest
configure:3116: $? = 0
configure:3131: result: no
configure:3136: checking for suffix of object files
configure:3158: /usr/bin/gcc -c -g3 -gdwarf-2  conftest.c >&5
configure:3162: $? = 0
configure:3183: result: o
configure:3187: checking whether we are using the GNU C compiler
configure:3206: /usr/bin/gcc -c -g3 -gdwarf-2  conftest.c >&5
configure:3206: $? = 0
configure:3215: result: yes
configure:3224: checking whether /usr/bin/gcc accepts -g
configure:3244: /usr/bin/gcc -c -g  conftest.c >&5
configure:3244: $? = 0
configure:3285: result: yes
configure:3302: checking for /usr/bin/gcc option to accept ISO C89
configure:3365: /usr/bin/gcc  -c -g3 -gdwarf-2  conftest.c >&5
configure:3365: $? = 0
configure:3378: result: none needed
configure:3403: checking whether /usr/bin/gcc understands -c and -o together
configure:3425: /usr/bin/gcc -c conftest.c -o conftest2.o
configure:3428: $? = 0
configure:3425: /usr/bin/gcc -c conftest.c -o conftest2.o
configure:3428: $? = 0
configure:3440: result: yes
configure:3457: checking for a sed that does not truncate output
configure:3521: result: /usr/bin/sed
configure:3539: checking for grep that handles long lines and -e
configure:3597: result: /usr/bin/grep
configure:3602: checking for egrep
configure:3664: result: /usr/bin/grep -E
configure:3669: checking for fgrep
configure:3731: result: /usr/bin/grep -F
configure:3766: checking for ld used by /usr/bin/gcc
configure:3833: result: /usr/bin/ld
configure:3840: checking if the linker (/usr/bin/ld) is GNU ld
configure:3855: result: yes
configure:3867: checking for BSD- or MS-compatible name lister (nm)
configure:3921: result: /usr/bin/nm -B
configure:4051: checking the name lister (/usr/bin/nm -B) interface
configure:4058: /usr/bin/gcc -c -g3 -gdwarf-2  conftest.c >&5
configure:4061: /usr/bin/nm -B "conftest.o"
configure:4064: output
0000000000000000 B some_variable
0000000000000000 n wm4.0.05938bd46c82298723c4365ca515b6e8
0000000000000000 n wm4.stdcpredef.h.19.22e8ded16952f5e606376dc7a0da8b23
configure:4071: result: BSD nm
configure:4074: checking whether ln -s works
configure:4078: result: yes
configure:4086: checking the maximum length of command line arguments
configure:4217: result: 1572864
configure:4265: checking how to convert x86_64-unknown-linux-gnu file names to x86_64-unknown-linux-gnu format
configure:4305: result: func_convert_file_noop
configure:4312: checking how to convert x86_64-unknown-linux-gnu file names to toolchain format
configure:4332: result: func_convert_file_noop
configure:4339: checking for /usr/bin/ld option to reload object files
configure:4346: result: -r
configure:4420: checking for objdump
configure:4436: found /usr/bin/objdump
configure:4447: result: objdump
configure:4479: checking how to recognize dependent libraries
configure:4679: result: pass_all
configure:4764: checking for dlltool
configure:4794: result: no
configure:4824: checking how to associate runtime and link libraries
configure:4851: result: printf %s\n
configure:4912: checking for ar
configure:4928: found /usr/bin/ar
configure:4939: result: ar
configure:4976: checking for archiver @FILE support
configure:4993: /usr/bin/gcc -c -g3 -gdwarf-2  conftest.c >&5
configure:4993: $? = 0
configure:4996: ar cru libconftest.a @conftest.lst >&5
configure:4999: $? = 0
configure:5004: ar cru libconftest.a @conftest.lst >&5
ar: conftest.o: No such file or directory
configure:5007: $? = 1
configure:5019: result: @
configure:5077: checking for strip
configure:5093: found /usr/bin/strip
configure:5104: result: strip
configure:5176: checking for ranlib
configure:5192: found /usr/bin/ranlib
configure:5203: result: ranlib
configure:5280: checking for gawk
configure:5296: found /usr/bin/gawk
configure:5307: result: gawk
configure:5347: checking command to parse /usr/bin/nm -B output from /usr/bin/gcc object
configure:5500: /usr/bin/gcc -c -g3 -gdwarf-2  conftest.c >&5
configure:5503: $? = 0
configure:5507: /usr/bin/nm -B conftest.o \| sed -n -e 's/^.*[ ]\([ABCDGIRSTW][ABCDGIRSTW]*\)[ ][ ]*\([_A-Za-z][_A-Za-z0-9]*\)$/\1 \2 \2/p' | sed '/ __gnu_lto/d' \> conftest.nm
configure:5510: $? = 0
configure:5576: /usr/bin/gcc -o conftest -g3 -gdwarf-2   conftest.c conftstm.o >&5
configure:5579: $? = 0
configure:5617: result: ok
configure:5664: checking for sysroot
configure:5694: result: no
configure:5701: checking for a working dd
configure:5739: result: /usr/bin/dd
configure:5743: checking how to truncate binary pipes
configure:5758: result: /usr/bin/dd bs=4096 count=1
configure:5894: /usr/bin/gcc -c -g3 -gdwarf-2  conftest.c >&5
configure:5897: $? = 0
configure:6087: checking for mt
configure:6117: result: no
configure:6137: checking if : is a manifest tool
configure:6143: : '-?'
configure:6151: result: no
configure:6828: checking how to run the C preprocessor
configure:6859: /usr/bin/gcc -E  conftest.c
configure:6859: $? = 0
configure:6873: /usr/bin/gcc -E  conftest.c
conftest.c:9:28: fatal error: ac_nonexistent.h: No such file or directory
 #include <ac_nonexistent.h>
                            ^
compilation terminated.
configure:6873: $? = 1
configure: failed program was:
| /* confdefs.h */
| #define PACKAGE_NAME "bloompp"
| #define PACKAGE_TARNAME "bloompp"
| #define PACKAGE_VERSION "1.4.34-dev"
| #define PACKAGE_STRING "bloompp 1.4.34-dev"
| #define PACKAGE_BUGREPORT "sergei.khairulin@gmail.com"
| #define PACKAGE_URL ""
| /* end confdefs.h.  */
| #include <ac_nonexistent.h>
configure:6898: result: /usr/bin/gcc -E
configure:6918: /usr/bin/gcc -E  conftest.c
configure:6918: $? = 0
configure:6932: /usr/bin/gcc -E  conftest.c
conftest.c:9:28: fatal error: ac_nonexistent.h: No such file or directory
 #include <ac_nonexistent.h>
                            ^
compilation terminated.
configure:6932: $? = 1
configure: failed program was:
| /* confdefs.h */
| #define PACKAGE_NAME "bloompp"
| #define PACKAGE_TARNAME "bloompp"
| #define PACKAGE_VERSION "1.4.34-dev"
| #define PACKAGE_STRING "bloompp 1.4.34-dev"
| #define PACKAGE_BUGREPORT "sergei.khairulin@gmail.com"
| #define PACKAGE_URL ""
| /* end confdefs.h.  */
| #include <ac_nonexistent.h>
configure:6961: checking for ANSI C header files
configure:6981: /usr/bin/gcc -c -g3 -gdwarf-2  conftest.c >&5
configure:6981: $? = 0
configure:7054: /usr/bin/gcc -o conftest -g3 -gdwarf-2   conftest.c  >&5
configure:7054: $? = 0
configure:7054: ./conftest
configure:7054: $? = 0
configure:7065: result: yes
configure:7078: checking for sys/types.h
configure:7078: /usr/bin/gcc -c -g3 -gdwarf-2  conftest.c >&5
configure:7078: $? = 0
configure:7078: result: yes
configure:7078: checking for sys/stat.h
configure:7078: /usr/bin/gcc -c -g3 -gdwarf-2  conftest.c >&5
configure:7078: $? = 0
configure:7078: result: yes
configure:7078: checking for stdlib.h
configure:7078: /usr/bin/gcc -c -g3 -gdwarf-2  conftest.c >&5
configure:7078: $? = 0
configure:7078: result: yes
configure:7078: checking for string.h
configure:7078: /usr/bin/gcc -c -g3 -gdwarf-2  conftest.c >&5
configure:7078: $? = 0
configure:7078: result: yes
configure:7078: checking for memory.h
configure:7078: /usr/bin/gcc -c -g3 -gdwarf-2  conftest.c >&5
configure:7078: $? = 0
configure:7078: result: yes
configure:7078: checking for strings.h
configure:7078: /usr/bin/gcc -c -g3 -gdwarf-2  conftest.c >&5
configure:7078: $? = 0
configure:7078: result: yes
configure:7078: checking for inttypes.h
configure:7078: /usr/bin/gcc -c -g3 -gdwarf-2  conftest.c >&5
configure:7078: $? = 0
configure:7078: result: yes
configure:7078: checking for stdint.h
configure:7078: /usr/bin/gcc -c -g3 -gdwarf-2  conftest.c >&5
configure:7078: $? = 0
configure:7078: result: yes
configure:7078: checking for unistd.h
configure:7078: /usr/bin/gcc -c -g3 -gdwarf-2  conftest.c >&5
configure:7078: $? = 0
configure:7078: result: yes
configure:7092: checking for dlfcn.h
configure:7092: /usr/bin/gcc -c -g3 -gdwarf-2  conftest.c >&5
configure:7092: $? = 0
configure:7092: result: yes
configure:7348: checking for objdir
configure:7363: result: .libs
configure:7623: checking if /usr/bin/gcc supports -fno-rtti -fno-exceptions
configure:7641: /usr/bin/gcc -c -g3 -gdwarf-2  -fno-rtti -fno-exceptions conftest.c >&5
cc1: warning: command line option '-fno-rtti' is valid for C++/ObjC++ but not for C
configure:7645: $? = 0
configure:7658: result: no
configure:8016: checking for /usr/bin/gcc option to produce PIC
configure:8023: result: -fPIC -DPIC
configure:8031: checking if /usr/bin/gcc PIC flag -fPIC -DPIC works
configure:8049: /usr/bin/gcc -c -g3 -gdwarf-2  -fPIC -DPIC -DPIC conftest.c >&5
configure:8053: $? = 0
configure:8066: result: yes
configure:8095: checking if /usr/bin/gcc static flag -static works
configure:8123: result: yes
configure:8138: checking if /usr/bin/gcc supports -c -o file.o
configure:8159: /usr/bin/gcc -c -g3 -gdwarf-2  -o out/conftest2.o conftest.c >&5
configure:8163: $? = 0
configure:8185: result: yes
configure:8193: checking if /usr/bin/gcc supports -c -o file.o
configure:8240: result: yes
configure:8273: checking whether the /usr/bin/gcc linker (/usr/bin/ld -m elf_x86_64) supports shared libraries
configure:9532: result: yes
configure:9569: checking whether -lc should be explicitly linked in
configure:9577: /usr/bin/gcc -c -g3 -gdwarf-2  conftest.c >&5
configure:9580: $? = 0
configure:9595: /usr/bin/gcc -shared  -fPIC -DPIC conftest.o  -v -Wl,-soname -Wl,conftest -o conftest 2\>\&1 \| /usr/bin/grep  -lc  \>/dev/null 2\>\&1
configure:9598: $? = 0
configure:9612: result: no
configure:9772: checking dynamic linker characteristics
configure:10353: /usr/bin/gcc -o conftest -g3 -gdwarf-2   -Wl,-rpath -Wl,/foo conftest.c  >&5
configure:10353: $? = 0
configure:10590: result: GNU/Linux ld.so
configure:10712: checking how to hardcode library paths into programs
configure:10737: result: immediate
configure:11285: checking whether stripping libraries is possible
configure:11290: result: yes
configure:11325: checking if libtool supports shared libraries
configure:11327: result: yes
configure:11330: checking whether to build shared libraries
configure:11355: result: yes
configure:11358: checking whether to build static libraries
configure:11362: result: yes
configure:11415: checking for a BSD-compatible install
configure:11483: result: /usr/bin/install -c
configure:11494: checking whether build environment is sane
configure:11549: result: yes
configure:11697: checking for a thread-safe mkdir -p
configure:11736: result: /usr/bin/mkdir -p
configure:11739: checking whether make sets $(MAKE)
configure:11761: result: yes
configure:11791: checking for style of include used by make
configure:11819: result: GNU
configure:11853: checking whether make supports nested variables
configure:11870: result: yes
configure:11955: checking dependency style of /usr/bin/gcc
configure:12066: result: gcc3
configure:12243: checking for C++ compiler version
configure:12252: /usr/bin/g++ --version >&5
g++ (GCC) 4.9.2 20150304 (prerelease)
Copyright (C) 2014 Free Software Foundation, Inc.
This is free software; see the source for copying conditions.  There is NO
warranty; not even for MERCHANTABILITY or FITNESS FOR A PARTICULAR PURPOSE.

configure:12263: $? = 0
configure:12252: /usr/bin/g++ -v >&5
Using built-in specs.
COLLECT_GCC=/usr/bin/g++
COLLECT_LTO_WRAPPER=/usr/lib/gcc/x86_64-unknown-linux-gnu/4.9.2/lto-wrapper
Target: x86_64-unknown-linux-gnu
Configured with: /build/gcc/src/gcc-4.9-20150304/configure --prefix=/usr --libdir=/usr/lib --libexecdir=/usr/lib --mandir=/usr/share/man --infodir=/usr/share/info --with-bugurl=https://bugs.archlinux.org/ --enable-languages=c,c++,ada,fortran,go,lto,objc,obj-c++ --enable-shared --enable-threads=posix --with-system-zlib --enable-__cxa_atexit --disable-libunwind-exceptions --enable-clocale=gnu --disable-libstdcxx-pch --disable-libssp --enable-gnu-unique-object --enable-linker-build-id --enable-cloog-backend=isl --enable-lto --enable-plugin --enable-install-libiberty --with-linker-hash-style=gnu --disable-multilib --disable-werror --enable-checking=release
Thread model: posix
gcc version 4.9.2 20150304 (prerelease) (GCC) 
configure:12263: $? = 0
configure:12252: /usr/bin/g++ -V >&5
g++: error: unrecognized command line option '-V'
g++: fatal error: no input files
compilation terminated.
configure:12263: $? = 1
configure:12252: /usr/bin/g++ -qversion >&5
g++: error: unrecognized command line option '-qversion'
g++: fatal error: no input files
compilation terminated.
configure:12263: $? = 1
configure:12267: checking whether we are using the GNU C++ compiler
configure:12286: /usr/bin/g++ -c -g3 -gdwarf-2  conftest.cpp >&5
configure:12286: $? = 0
configure:12295: result: yes
configure:12304: checking whether /usr/bin/g++ accepts -g
configure:12324: /usr/bin/g++ -c -g  conftest.cpp >&5
configure:12324: $? = 0
configure:12365: result: yes
configure:12406: checking how to run the C++ preprocessor
configure:12433: /usr/bin/g++ -E  conftest.cpp
configure:12433: $? = 0
configure:12447: /usr/bin/g++ -E  conftest.cpp
conftest.cpp:23:28: fatal error: ac_nonexistent.h: No such file or directory
 #include <ac_nonexistent.h>
                            ^
compilation terminated.
configure:12447: $? = 1
configure: failed program was:
| /* confdefs.h */
| #define PACKAGE_NAME "bloompp"
| #define PACKAGE_TARNAME "bloompp"
| #define PACKAGE_VERSION "1.4.34-dev"
| #define PACKAGE_STRING "bloompp 1.4.34-dev"
| #define PACKAGE_BUGREPORT "sergei.khairulin@gmail.com"
| #define PACKAGE_URL ""
| #define STDC_HEADERS 1
| #define HAVE_SYS_TYPES_H 1
| #define HAVE_SYS_STAT_H 1
| #define HAVE_STDLIB_H 1
| #define HAVE_STRING_H 1
| #define HAVE_MEMORY_H 1
| #define HAVE_STRINGS_H 1
| #define HAVE_INTTYPES_H 1
| #define HAVE_STDINT_H 1
| #define HAVE_UNISTD_H 1
| #define HAVE_DLFCN_H 1
| #define LT_OBJDIR ".libs/"
| #define PACKAGE "bloompp"
| #define VERSION "1.4.34-dev"
| /* end confdefs.h.  */
| #include <ac_nonexistent.h>
configure:12472: result: /usr/bin/g++ -E
configure:12492: /usr/bin/g++ -E  conftest.cpp
configure:12492: $? = 0
configure:12506: /usr/bin/g++ -E  conftest.cpp
conftest.cpp:23:28: fatal error: ac_nonexistent.h: No such file or directory
 #include <ac_nonexistent.h>
                            ^
compilation terminated.
configure:12506: $? = 1
configure: failed program was:
| /* confdefs.h */
| #define PACKAGE_NAME "bloompp"
| #define PACKAGE_TARNAME "bloompp"
| #define PACKAGE_VERSION "1.4.34-dev"
| #define PACKAGE_STRING "bloompp 1.4.34-dev"
| #define PACKAGE_BUGREPORT "sergei.khairulin@gmail.com"
| #define PACKAGE_URL ""
| #define STDC_HEADERS 1
| #define HAVE_SYS_TYPES_H 1
| #define HAVE_SYS_STAT_H 1
| #define HAVE_STDLIB_H 1
| #define HAVE_STRING_H 1
| #define HAVE_MEMORY_H 1
| #define HAVE_STRINGS_H 1
| #define HAVE_INTTYPES_H 1
| #define HAVE_STDINT_H 1
| #define HAVE_UNISTD_H 1
| #define HAVE_DLFCN_H 1
| #define LT_OBJDIR ".libs/"
| #define PACKAGE "bloompp"
| #define VERSION "1.4.34-dev"
| /* end confdefs.h.  */
| #include <ac_nonexistent.h>
configure:12668: checking for ld used by /usr/bin/g++
configure:12735: result: /usr/bin/ld -m elf_x86_64
configure:12742: checking if the linker (/usr/bin/ld -m elf_x86_64) is GNU ld
configure:12757: result: yes
configure:12812: checking whether the /usr/bin/g++ linker (/usr/bin/ld -m elf_x86_64) supports shared libraries
configure:13885: result: yes
configure:13921: /usr/bin/g++ -c -g3 -gdwarf-2  conftest.cpp >&5
configure:13924: $? = 0
configure:14405: checking for /usr/bin/g++ option to produce PIC
configure:14412: result: -fPIC -DPIC
configure:14420: checking if /usr/bin/g++ PIC flag -fPIC -DPIC works
configure:14438: /usr/bin/g++ -c -g3 -gdwarf-2  -fPIC -DPIC -DPIC conftest.cpp >&5
configure:14442: $? = 0
configure:14455: result: yes
configure:14478: checking if /usr/bin/g++ static flag -static works
configure:14506: result: yes
configure:14518: checking if /usr/bin/g++ supports -c -o file.o
configure:14539: /usr/bin/g++ -c -g3 -gdwarf-2  -o out/conftest2.o conftest.cpp >&5
configure:14543: $? = 0
configure:14565: result: yes
configure:14570: checking if /usr/bin/g++ supports -c -o file.o
configure:14617: result: yes
configure:14647: checking whether the /usr/bin/g++ linker (/usr/bin/ld -m elf_x86_64) supports shared libraries
configure:14687: result: yes
configure:14828: checking dynamic linker characteristics
configure:15573: result: GNU/Linux ld.so
configure:15638: checking how to hardcode library paths into programs
configure:15663: result: immediate
configure:15705: checking dependency style of /usr/bin/g++
configure:15816: result: gcc3
configure:15879: checking for gcc
configure:15906: result: /usr/bin/gcc
configure:16135: checking for C compiler version
configure:16144: /usr/bin/gcc --version >&5
gcc (GCC) 4.9.2 20150304 (prerelease)
Copyright (C) 2014 Free Software Foundation, Inc.
This is free software; see the source for copying conditions.  There is NO
warranty; not even for MERCHANTABILITY or FITNESS FOR A PARTICULAR PURPOSE.

configure:16155: $? = 0
configure:16144: /usr/bin/gcc -v >&5
Using built-in specs.
COLLECT_GCC=/usr/bin/gcc
COLLECT_LTO_WRAPPER=/usr/lib/gcc/x86_64-unknown-linux-gnu/4.9.2/lto-wrapper
Target: x86_64-unknown-linux-gnu
Configured with: /build/gcc/src/gcc-4.9-20150304/configure --prefix=/usr --libdir=/usr/lib --libexecdir=/usr/lib --mandir=/usr/share/man --infodir=/usr/share/info --with-bugurl=https://bugs.archlinux.org/ --enable-languages=c,c++,ada,fortran,go,lto,objc,obj-c++ --enable-shared --enable-threads=posix --with-system-zlib --enable-__cxa_atexit --disable-libunwind-exceptions --enable-clocale=gnu --disable-libstdcxx-pch --disable-libssp --enable-gnu-unique-object --enable-linker-build-id --enable-cloog-backend=isl --enable-lto --enable-plugin --enable-install-libiberty --with-linker-hash-style=gnu --disable-multilib --disable-werror --enable-checking=release
Thread model: posix
gcc version 4.9.2 20150304 (prerelease) (GCC) 
configure:16155: $? = 0
configure:16144: /usr/bin/gcc -V >&5
gcc: error: unrecognized command line option '-V'
gcc: fatal error: no input files
compilation terminated.
configure:16155: $? = 1
configure:16144: /usr/bin/gcc -qversion >&5
gcc: error: unrecognized command line option '-qversion'
gcc: fatal error: no input files
compilation terminated.
configure:16155: $? = 1
configure:16159: checking whether we are using the GNU C compiler
configure:16187: result: yes
configure:16196: checking whether /usr/bin/gcc accepts -g
configure:16257: result: yes
configure:16274: checking for /usr/bin/gcc option to accept ISO C89
configure:16350: result: none needed
configure:16375: checking whether /usr/bin/gcc understands -c and -o together
configure:16412: result: yes
configure:16429: checking whether ln -s works
configure:16433: result: yes
configure:16440: checking whether make sets $(MAKE)
configure:16462: result: yes
configure:16514: checking for ranlib
configure:16541: result: ranlib
configure:16567: checking for memcpy in -lc
configure:16592: /usr/bin/gcc -o conftest -g3 -gdwarf-2   conftest.c -lc   >&5
conftest.c:30:6: warning: conflicting types for built-in function 'memcpy'
 char memcpy ();
      ^
configure:16592: $? = 0
configure:16601: result: yes
configure:16612: checking for pthread_create in -lpthread
configure:16637: /usr/bin/gcc -o conftest -g3 -gdwarf-2   conftest.c -lpthread  -lc  >&5
configure:16637: $? = 0
configure:16646: result: yes
configure:16662: checking arpa/inet.h usability
configure:16662: /usr/bin/gcc -c -g3 -gdwarf-2  conftest.c >&5
configure:16662: $? = 0
configure:16662: result: yes
configure:16662: checking arpa/inet.h presence
configure:16662: /usr/bin/gcc -E  conftest.c
configure:16662: $? = 0
configure:16662: result: yes
configure:16662: checking for arpa/inet.h
configure:16662: result: yes
configure:16662: checking netinet/in.h usability
configure:16662: /usr/bin/gcc -c -g3 -gdwarf-2  conftest.c >&5
configure:16662: $? = 0
configure:16662: result: yes
configure:16662: checking netinet/in.h presence
configure:16662: /usr/bin/gcc -E  conftest.c
configure:16662: $? = 0
configure:16662: result: yes
configure:16662: checking for netinet/in.h
configure:16662: result: yes
configure:16662: checking stddef.h usability
configure:16662: /usr/bin/gcc -c -g3 -gdwarf-2  conftest.c >&5
configure:16662: $? = 0
configure:16662: result: yes
configure:16662: checking stddef.h presence
configure:16662: /usr/bin/gcc -E  conftest.c
configure:16662: $? = 0
configure:16662: result: yes
configure:16662: checking for stddef.h
configure:16662: result: yes
configure:16662: checking for stdlib.h
configure:16662: result: yes
configure:16662: checking for string.h
configure:16662: result: yes
configure:16662: checking sys/ioctl.h usability
configure:16662: /usr/bin/gcc -c -g3 -gdwarf-2  conftest.c >&5
configure:16662: $? = 0
configure:16662: result: yes
configure:16662: checking sys/ioctl.h presence
configure:16662: /usr/bin/gcc -E  conftest.c
configure:16662: $? = 0
configure:16662: result: yes
configure:16662: checking for sys/ioctl.h
configure:16662: result: yes
configure:16662: checking sys/socket.h usability
configure:16662: /usr/bin/gcc -c -g3 -gdwarf-2  conftest.c >&5
configure:16662: $? = 0
configure:16662: result: yes
configure:16662: checking sys/socket.h presence
configure:16662: /usr/bin/gcc -E  conftest.c
configure:16662: $? = 0
configure:16662: result: yes
configure:16662: checking for sys/socket.h
configure:16662: result: yes
configure:16662: checking sys/time.h usability
configure:16662: /usr/bin/gcc -c -g3 -gdwarf-2  conftest.c >&5
configure:16662: $? = 0
configure:16662: result: yes
configure:16662: checking sys/time.h presence
configure:16662: /usr/bin/gcc -E  conftest.c
configure:16662: $? = 0
configure:16662: result: yes
configure:16662: checking for sys/time.h
configure:16662: result: yes
configure:16662: checking for unistd.h
configure:16662: result: yes
configure:16674: checking for stdbool.h that conforms to C99
configure:16741: /usr/bin/gcc -c -g3 -gdwarf-2  conftest.c >&5
configure:16741: $? = 0
configure:16748: result: yes
configure:16750: checking for _Bool
configure:16750: /usr/bin/gcc -c -g3 -gdwarf-2  conftest.c >&5
configure:16750: $? = 0
configure:16750: /usr/bin/gcc -c -g3 -gdwarf-2  conftest.c >&5
conftest.c: In function 'main':
conftest.c:70:20: error: expected expression before ')' token
 if (sizeof ((_Bool)))
                    ^
configure:16750: $? = 1
configure: failed program was:
| /* confdefs.h */
| #define PACKAGE_NAME "bloompp"
| #define PACKAGE_TARNAME "bloompp"
| #define PACKAGE_VERSION "1.4.34-dev"
| #define PACKAGE_STRING "bloompp 1.4.34-dev"
| #define PACKAGE_BUGREPORT "sergei.khairulin@gmail.com"
| #define PACKAGE_URL ""
| #define STDC_HEADERS 1
| #define HAVE_SYS_TYPES_H 1
| #define HAVE_SYS_STAT_H 1
| #define HAVE_STDLIB_H 1
| #define HAVE_STRING_H 1
| #define HAVE_MEMORY_H 1
| #define HAVE_STRINGS_H 1
| #define HAVE_INTTYPES_H 1
| #define HAVE_STDINT_H 1
| #define HAVE_UNISTD_H 1
| #define HAVE_DLFCN_H 1
| #define LT_OBJDIR ".libs/"
| #define PACKAGE "bloompp"
| #define VERSION "1.4.34-dev"
| #define HAVE_LIBC 1
| #define HAVE_LIBPTHREAD 1
| #define HAVE_ARPA_INET_H 1
| #define HAVE_NETINET_IN_H 1
| #define HAVE_STDDEF_H 1
| #define HAVE_STDLIB_H 1
| #define HAVE_STRING_H 1
| #define HAVE_SYS_IOCTL_H 1
| #define HAVE_SYS_SOCKET_H 1
| #define HAVE_SYS_TIME_H 1
| #define HAVE_UNISTD_H 1
| /* end confdefs.h.  */
| #include <stdio.h>
| #ifdef HAVE_SYS_TYPES_H
| # include <sys/types.h>
| #endif
| #ifdef HAVE_SYS_STAT_H
| # include <sys/stat.h>
| #endif
| #ifdef STDC_HEADERS
| # include <stdlib.h>
| # include <stddef.h>
| #else
| # ifdef HAVE_STDLIB_H
| #  include <stdlib.h>
| # endif
| #endif
| #ifdef HAVE_STRING_H
| # if !defined STDC_HEADERS && defined HAVE_MEMORY_H
| #  include <memory.h>
| # endif
| # include <string.h>
| #endif
| #ifdef HAVE_STRINGS_H
| # include <strings.h>
| #endif
| #ifdef HAVE_INTTYPES_H
| # include <inttypes.h>
| #endif
| #ifdef HAVE_STDINT_H
| # include <stdint.h>
| #endif
| #ifdef HAVE_UNISTD_H
| # include <unistd.h>
| #endif
| int
| main ()
| {
| if (sizeof ((_Bool)))
| 	    return 0;
|   ;
|   return 0;
| }
configure:16750: result: yes
configure:16761: checking for inline
configure:16777: /usr/bin/gcc -c -g3 -gdwarf-2  conftest.c >&5
configure:16777: $? = 0
configure:16785: result: inline
configure:16803: checking for size_t
configure:16803: /usr/bin/gcc -c -g3 -gdwarf-2  conftest.c >&5
configure:16803: $? = 0
configure:16803: /usr/bin/gcc -c -g3 -gdwarf-2  conftest.c >&5
conftest.c: In function 'main':
conftest.c:71:21: error: expected expression before ')' token
 if (sizeof ((size_t)))
                     ^
configure:16803: $? = 1
configure: failed program was:
| /* confdefs.h */
| #define PACKAGE_NAME "bloompp"
| #define PACKAGE_TARNAME "bloompp"
| #define PACKAGE_VERSION "1.4.34-dev"
| #define PACKAGE_STRING "bloompp 1.4.34-dev"
| #define PACKAGE_BUGREPORT "sergei.khairulin@gmail.com"
| #define PACKAGE_URL ""
| #define STDC_HEADERS 1
| #define HAVE_SYS_TYPES_H 1
| #define HAVE_SYS_STAT_H 1
| #define HAVE_STDLIB_H 1
| #define HAVE_STRING_H 1
| #define HAVE_MEMORY_H 1
| #define HAVE_STRINGS_H 1
| #define HAVE_INTTYPES_H 1
| #define HAVE_STDINT_H 1
| #define HAVE_UNISTD_H 1
| #define HAVE_DLFCN_H 1
| #define LT_OBJDIR ".libs/"
| #define PACKAGE "bloompp"
| #define VERSION "1.4.34-dev"
| #define HAVE_LIBC 1
| #define HAVE_LIBPTHREAD 1
| #define HAVE_ARPA_INET_H 1
| #define HAVE_NETINET_IN_H 1
| #define HAVE_STDDEF_H 1
| #define HAVE_STDLIB_H 1
| #define HAVE_STRING_H 1
| #define HAVE_SYS_IOCTL_H 1
| #define HAVE_SYS_SOCKET_H 1
| #define HAVE_SYS_TIME_H 1
| #define HAVE_UNISTD_H 1
| #define HAVE__BOOL 1
| /* end confdefs.h.  */
| #include <stdio.h>
| #ifdef HAVE_SYS_TYPES_H
| # include <sys/types.h>
| #endif
| #ifdef HAVE_SYS_STAT_H
| # include <sys/stat.h>
| #endif
| #ifdef STDC_HEADERS
| # include <stdlib.h>
| # include <stddef.h>
| #else
| # ifdef HAVE_STDLIB_H
| #  include <stdlib.h>
| # endif
| #endif
| #ifdef HAVE_STRING_H
| # if !defined STDC_HEADERS && defined HAVE_MEMORY_H
| #  include <memory.h>
| # endif
| # include <string.h>
| #endif
| #ifdef HAVE_STRINGS_H
| # include <strings.h>
| #endif
| #ifdef HAVE_INTTYPES_H
| # include <inttypes.h>
| #endif
| #ifdef HAVE_STDINT_H
| # include <stdint.h>
| #endif
| #ifdef HAVE_UNISTD_H
| # include <unistd.h>
| #endif
| int
| main ()
| {
| if (sizeof ((size_t)))
| 	    return 0;
|   ;
|   return 0;
| }
configure:16803: result: yes
configure:16818: checking for stdlib.h
configure:16818: result: yes
configure:16828: checking for GNU libc compatible malloc
configure:16852: /usr/bin/gcc -o conftest -g3 -gdwarf-2   conftest.c -lpthread -lc  >&5
configure:16852: $? = 0
configure:16852: ./conftest
configure:16852: $? = 0
configure:16862: result: yes
configure:16883: checking whether time.h and sys/time.h may both be included
configure:16903: /usr/bin/gcc -c -g3 -gdwarf-2  conftest.c >&5
configure:16903: $? = 0
configure:16910: result: yes
configure:16924: checking for sys/time.h
configure:16924: result: yes
configure:16924: checking for unistd.h
configure:16924: result: yes
configure:16945: checking for alarm
configure:16945: /usr/bin/gcc -o conftest -g3 -gdwarf-2   conftest.c -lpthread -lc  >&5
configure:16945: $? = 0
configure:16945: result: yes
configure:16958: checking for working mktime
configure:17160: /usr/bin/gcc -o conftest -g3 -gdwarf-2   conftest.c -lpthread -lc  >&5
configure:17160: $? = 0
configure:17160: ./conftest
configure:17160: $? = 0
configure:17170: result: yes
configure:17183: checking for stdlib.h
configure:17183: result: yes
configure:17193: checking for GNU libc compatible realloc
configure:17217: /usr/bin/gcc -o conftest -g3 -gdwarf-2   conftest.c -lpthread -lc  >&5
configure:17217: $? = 0
configure:17217: ./conftest
configure:17217: $? = 0
configure:17227: result: yes
configure:17248: checking for working strtod
configure:17289: /usr/bin/gcc -o conftest -g3 -gdwarf-2   conftest.c -lpthread -lc  >&5
configure:17289: $? = 0
configure:17289: ./conftest
configure:17289: $? = 0
configure:17299: result: yes
configure:17364: checking for clock_gettime
configure:17364: /usr/bin/gcc -o conftest -g3 -gdwarf-2   conftest.c -lpthread -lc  >&5
configure:17364: $? = 0
configure:17364: result: yes
configure:17364: checking for inet_ntoa
configure:17364: /usr/bin/gcc -o conftest -g3 -gdwarf-2   conftest.c -lpthread -lc  >&5
configure:17364: $? = 0
configure:17364: result: yes
configure:17364: checking for memchr
configure:17364: /usr/bin/gcc -o conftest -g3 -gdwarf-2   conftest.c -lpthread -lc  >&5
conftest.c:68:6: warning: conflicting types for built-in function 'memchr'
 char memchr ();
      ^
configure:17364: $? = 0
configure:17364: result: yes
configure:17364: checking for memmove
configure:17364: /usr/bin/gcc -o conftest -g3 -gdwarf-2   conftest.c -lpthread -lc  >&5
conftest.c:69:6: warning: conflicting types for built-in function 'memmove'
 char memmove ();
      ^
configure:17364: $? = 0
configure:17364: result: yes
configure:17364: checking for memset
configure:17364: /usr/bin/gcc -o conftest -g3 -gdwarf-2   conftest.c -lpthread -lc  >&5
conftest.c:70:6: warning: conflicting types for built-in function 'memset'
 char memset ();
      ^
configure:17364: $? = 0
configure:17364: result: yes
configure:17364: checking for select
configure:17364: /usr/bin/gcc -o conftest -g3 -gdwarf-2   conftest.c -lpthread -lc  >&5
configure:17364: $? = 0
configure:17364: result: yes
configure:17364: checking for socket
configure:17364: /usr/bin/gcc -o conftest -g3 -gdwarf-2   conftest.c -lpthread -lc  >&5
configure:17364: $? = 0
configure:17364: result: yes
configure:17527: checking that generated files are newer than configure
configure:17533: result: done
configure:17560: creating ./config.status

## ---------------------- ##
## Running config.status. ##
## ---------------------- ##

This file was extended by bloompp config.status 1.4.34-dev, which was
generated by GNU Autoconf 2.69.  Invocation command line was

  CONFIG_FILES    = 
  CONFIG_HEADERS  = 
  CONFIG_LINKS    = 
  CONFIG_COMMANDS = 
  $ ./config.status 

on a53sm

config.status:1084: creating bloom++.pc
config.status:1084: creating Makefile
config.status:1084: creating include/Makefile
config.status:1084: creating include/bloom++/Makefile
config.status:1084: creating include/bloom++/_bits/Makefile
config.status:1084: creating include/bloom++/stream/Makefile
config.status:1084: creating src/Makefile
config.status:1084: creating src/stream/Makefile
config.status:1256: executing libtool commands
config.status:1256: executing depfiles commands

## ---------------- ##
## Cache variables. ##
## ---------------- ##

ac_cv_build=x86_64-unknown-linux-gnu
ac_cv_c_compiler_gnu=yes
ac_cv_c_inline=inline
ac_cv_cxx_compiler_gnu=yes
ac_cv_env_CCC_set=
ac_cv_env_CCC_value=
ac_cv_env_CC_set=set
ac_cv_env_CC_value=/usr/bin/gcc
ac_cv_env_CFLAGS_set=set
ac_cv_env_CFLAGS_value='-g3 -gdwarf-2'
ac_cv_env_CPPFLAGS_set=
ac_cv_env_CPPFLAGS_value=
ac_cv_env_CPP_set=
ac_cv_env_CPP_value=
ac_cv_env_CXXCPP_set=
ac_cv_env_CXXCPP_value=
ac_cv_env_CXXFLAGS_set=set
ac_cv_env_CXXFLAGS_value='-g3 -gdwarf-2'
ac_cv_env_CXX_set=set
ac_cv_env_CXX_value=/usr/bin/g++
ac_cv_env_LDFLAGS_set=
ac_cv_env_LDFLAGS_value=
ac_cv_env_LIBS_set=
ac_cv_env_LIBS_value=
ac_cv_env_LT_SYS_LIBRARY_PATH_set=
ac_cv_env_LT_SYS_LIBRARY_PATH_value=
ac_cv_env_build_alias_set=
ac_cv_env_build_alias_value=
ac_cv_env_host_alias_set=
ac_cv_env_host_alias_value=
ac_cv_env_target_alias_set=
ac_cv_env_target_alias_value=
ac_cv_func_alarm=yes
ac_cv_func_clock_gettime=yes
ac_cv_func_inet_ntoa=yes
ac_cv_func_malloc_0_nonnull=yes
ac_cv_func_memchr=yes
ac_cv_func_memmove=yes
ac_cv_func_memset=yes
ac_cv_func_realloc_0_nonnull=yes
ac_cv_func_select=yes
ac_cv_func_socket=yes
ac_cv_func_strtod=yes
ac_cv_func_working_mktime=yes
ac_cv_header_arpa_inet_h=yes
ac_cv_header_dlfcn_h=yes
ac_cv_header_inttypes_h=yes
ac_cv_header_memory_h=yes
ac_cv_header_netinet_in_h=yes
ac_cv_header_stdbool_h=yes
ac_cv_header_stdc=yes
ac_cv_header_stddef_h=yes
ac_cv_header_stdint_h=yes
ac_cv_header_stdlib_h=yes
ac_cv_header_string_h=yes
ac_cv_header_strings_h=yes
ac_cv_header_sys_ioctl_h=yes
ac_cv_header_sys_socket_h=yes
ac_cv_header_sys_stat_h=yes
ac_cv_header_sys_time_h=yes
ac_cv_header_sys_types_h=yes
ac_cv_header_time=yes
ac_cv_header_unistd_h=yes
ac_cv_host=x86_64-unknown-linux-gnu
ac_cv_lib_c_memcpy=yes
ac_cv_lib_pthread_pthread_create=yes
ac_cv_objext=o
ac_cv_path_EGREP='/usr/bin/grep -E'
ac_cv_path_FGREP='/usr/bin/grep -F'
ac_cv_path_GREP=/usr/bin/grep
ac_cv_path_SED=/usr/bin/sed
ac_cv_path_install='/usr/bin/install -c'
ac_cv_path_lt_DD=/usr/bin/dd
ac_cv_path_mkdir=/usr/bin/mkdir
ac_cv_prog_AWK=gawk
ac_cv_prog_CPP='/usr/bin/gcc -E'
ac_cv_prog_CXXCPP='/usr/bin/g++ -E'
ac_cv_prog_ac_ct_AR=ar
ac_cv_prog_ac_ct_CC=/usr/bin/gcc
ac_cv_prog_ac_ct_OBJDUMP=objdump
ac_cv_prog_ac_ct_RANLIB=ranlib
ac_cv_prog_ac_ct_STRIP=strip
ac_cv_prog_cc_c89=
ac_cv_prog_cc_g=yes
ac_cv_prog_cxx_g=yes
ac_cv_prog_make_make_set=yes
ac_cv_type__Bool=yes
ac_cv_type_size_t=yes
am_cv_CC_dependencies_compiler_type=gcc3
am_cv_CXX_dependencies_compiler_type=gcc3
am_cv_make_support_nested_variables=yes
am_cv_prog_cc_c_o=yes
lt_cv_ar_at_file=@
lt_cv_archive_cmds_need_lc=no
lt_cv_deplibs_check_method=pass_all
lt_cv_file_magic_cmd='$MAGIC_CMD'
lt_cv_file_magic_test_file=
lt_cv_ld_reload_flag=-r
lt_cv_nm_interface='BSD nm'
lt_cv_objdir=.libs
lt_cv_path_LD=/usr/bin/ld
lt_cv_path_LDCXX='/usr/bin/ld -m elf_x86_64'
lt_cv_path_NM='/usr/bin/nm -B'
lt_cv_path_mainfest_tool=no
lt_cv_prog_compiler_c_o=yes
lt_cv_prog_compiler_c_o_CXX=yes
lt_cv_prog_compiler_pic='-fPIC -DPIC'
lt_cv_prog_compiler_pic_CXX='-fPIC -DPIC'
lt_cv_prog_compiler_pic_works=yes
lt_cv_prog_compiler_pic_works_CXX=yes
lt_cv_prog_compiler_rtti_exceptions=no
lt_cv_prog_compiler_static_works=yes
lt_cv_prog_compiler_static_works_CXX=yes
lt_cv_prog_gnu_ld=yes
lt_cv_prog_gnu_ldcxx=yes
lt_cv_sharedlib_from_linklib_cmd='printf %s\n'
lt_cv_shlibpath_overrides_runpath=no
lt_cv_sys_global_symbol_pipe='sed -n -e '\''s/^.*[	 ]\([ABCDGIRSTW][ABCDGIRSTW]*\)[	 ][	 ]*\([_A-Za-z][_A-Za-z0-9]*\)$/\1 \2 \2/p'\'' | sed '\''/ __gnu_lto/d'\'''
lt_cv_sys_global_symbol_to_c_name_address='sed -n -e '\''s/^: \(.*\) .*$/  {"\1", (void *) 0},/p'\'' -e '\''s/^[ABCDGIRSTW][ABCDGIRSTW]* .* \(.*\)$/  {"\1", (void *) \&\1},/p'\'''
lt_cv_sys_global_symbol_to_c_name_address_lib_prefix='sed -n -e '\''s/^: \(.*\) .*$/  {"\1", (void *) 0},/p'\'' -e '\''s/^[ABCDGIRSTW][ABCDGIRSTW]* .* \(lib.*\)$/  {"\1", (void *) \&\1},/p'\'' -e '\''s/^[ABCDGIRSTW][ABCDGIRSTW]* .* \(.*\)$/  {"lib\1", (void *) \&\1},/p'\'''
lt_cv_sys_global_symbol_to_cdecl='sed -n -e '\''s/^T .* \(.*\)$/extern int \1();/p'\'' -e '\''s/^[ABCDGIRSTW][ABCDGIRSTW]* .* \(.*\)$/extern char \1;/p'\'''
lt_cv_sys_global_symbol_to_import=
lt_cv_sys_max_cmd_len=1572864
lt_cv_to_host_file_cmd=func_convert_file_noop
lt_cv_to_tool_file_cmd=func_convert_file_noop
lt_cv_truncate_bin='/usr/bin/dd bs=4096 count=1'

## ----------------- ##
## Output variables. ##
## ----------------- ##

ACLOCAL='${SHELL} /home/wilder/programming/github-wilder-inc/bloom-cpp98/missing aclocal-1.15'
AMDEPBACKSLASH='\'
AMDEP_FALSE='#'
AMDEP_TRUE=''
AMTAR='$${TAR-tar}'
AM_BACKSLASH='\'
AM_DEFAULT_V='$(AM_DEFAULT_VERBOSITY)'
AM_DEFAULT_VERBOSITY='1'
AM_V='$(V)'
AR='ar'
AUTOCONF='${SHELL} /home/wilder/programming/github-wilder-inc/bloom-cpp98/missing autoconf'
AUTOHEADER='${SHELL} /home/wilder/programming/github-wilder-inc/bloom-cpp98/missing autoheader'
AUTOMAKE='${SHELL} /home/wilder/programming/github-wilder-inc/bloom-cpp98/missing automake-1.15'
AWK='gawk'
BLOOM_LOCALVER=''
BLOOM_MAJOR=''
BLOOM_MINOR=''
BLOOM_VERSION=''
CC='/usr/bin/gcc'
CCDEPMODE='depmode=gcc3'
CFLAGS='-g3 -gdwarf-2'
CPP='/usr/bin/gcc -E'
CPPFLAGS=''
CXX='/usr/bin/g++'
CXXCPP='/usr/bin/g++ -E'
CXXDEPMODE='depmode=gcc3'
CXXFLAGS='-DLINUX -O3'
CYGPATH_W='echo'
DEFS='-DPACKAGE_NAME=\"bloompp\" -DPACKAGE_TARNAME=\"bloompp\" -DPACKAGE_VERSION=\"1.4.34-dev\" -DPACKAGE_STRING=\"bloompp\ 1.4.34-dev\" -DPACKAGE_BUGREPORT=\"sergei.khairulin@gmail.com\" -DPACKAGE_URL=\"\" -DSTDC_HEADERS=1 -DHAVE_SYS_TYPES_H=1 -DHAVE_SYS_STAT_H=1 -DHAVE_STDLIB_H=1 -DHAVE_STRING_H=1 -DHAVE_MEMORY_H=1 -DHAVE_STRINGS_H=1 -DHAVE_INTTYPES_H=1 -DHAVE_STDINT_H=1 -DHAVE_UNISTD_H=1 -DHAVE_DLFCN_H=1 -DLT_OBJDIR=\".libs/\" -DPACKAGE=\"bloompp\" -DVERSION=\"1.4.34-dev\" -DHAVE_LIBC=1 -DHAVE_LIBPTHREAD=1 -DHAVE_ARPA_INET_H=1 -DHAVE_NETINET_IN_H=1 -DHAVE_STDDEF_H=1 -DHAVE_STDLIB_H=1 -DHAVE_STRING_H=1 -DHAVE_SYS_IOCTL_H=1 -DHAVE_SYS_SOCKET_H=1 -DHAVE_SYS_TIME_H=1 -DHAVE_UNISTD_H=1 -DHAVE__BOOL=1 -DHAVE_STDLIB_H=1 -DHAVE_MALLOC=1 -DTIME_WITH_SYS_TIME=1 -DHAVE_SYS_TIME_H=1 -DHAVE_UNISTD_H=1 -DHAVE_ALARM=1 -DHAVE_STDLIB_H=1 -DHAVE_REALLOC=1 -DHAVE_CLOCK_GETTIME=1 -DHAVE_INET_NTOA=1 -DHAVE_MEMCHR=1 -DHAVE_MEMMOVE=1 -DHAVE_MEMSET=1 -DHAVE_SELECT=1 -DHAVE_SOCKET=1'
DEPDIR='.deps'
DLLTOOL='false'
DSYMUTIL=''
DUMPBIN=''
ECHO_C=''
ECHO_N='-n'
ECHO_T=''
EGREP='/usr/bin/grep -E'
EXEEXT=''
FGREP='/usr/bin/grep -F'
GREP='/usr/bin/grep'
INSTALL_DATA='${INSTALL} -m 644'
INSTALL_PROGRAM='${INSTALL}'
INSTALL_SCRIPT='${INSTALL}'
INSTALL_STRIP_PROGRAM='$(install_sh) -c -s'
LD='/usr/bin/ld -m elf_x86_64'
LDFLAGS=''
LIBOBJS=''
LIBS='-lpthread -lc '
LIBTOOL='$(SHELL) $(top_builddir)/libtool'
LIPO=''
LN_S='ln -s'
LTLIBOBJS=''
LT_SYS_LIBRARY_PATH=''
MAKEINFO='${SHELL} /home/wilder/programming/github-wilder-inc/bloom-cpp98/missing makeinfo'
MANIFEST_TOOL=':'
MKDIR_P='/usr/bin/mkdir -p'
NM='/usr/bin/nm -B'
NMEDIT=''
OBJDUMP='objdump'
OBJEXT='o'
OTOOL64=''
OTOOL=''
PACKAGE='bloompp'
PACKAGE_BUGREPORT='sergei.khairulin@gmail.com'
PACKAGE_NAME='bloompp'
PACKAGE_STRING='bloompp 1.4.34-dev'
PACKAGE_TARNAME='bloompp'
PACKAGE_URL=''
PACKAGE_VERSION='1.4.34-dev'
PATH_SEPARATOR=':'
POW_LIB=''
RANLIB='ranlib'
SED='/usr/bin/sed'
SET_MAKE=''
SHELL='/bin/sh'
STRIP='strip'
VERSION='1.4.34-dev'
ac_ct_AR='ar'
ac_ct_CC='/usr/bin/gcc'
ac_ct_CXX=''
ac_ct_DUMPBIN=''
am__EXEEXT_FALSE=''
am__EXEEXT_TRUE='#'
am__fastdepCC_FALSE='#'
am__fastdepCC_TRUE=''
am__fastdepCXX_FALSE='#'
am__fastdepCXX_TRUE=''
am__include='include'
am__isrc=''
am__leading_dot='.'
am__nodep='_no'
am__quote=''
am__tar='$${TAR-tar} chof - "$$tardir"'
am__untar='$${TAR-tar} xf -'
bindir='${exec_prefix}/bin'
build='x86_64-unknown-linux-gnu'
build_alias=''
build_cpu='x86_64'
build_os='linux-gnu'
build_vendor='unknown'
datadir='${datarootdir}'
datarootdir='${prefix}/share'
docdir='${datarootdir}/doc/${PACKAGE_TARNAME}'
dvidir='${docdir}'
exec_prefix='${prefix}'
host='x86_64-unknown-linux-gnu'
host_alias=''
host_cpu='x86_64'
host_os='linux-gnu'
host_vendor='unknown'
htmldir='${docdir}'
includedir='${prefix}/include'
infodir='${datarootdir}/info'
install_sh='${SHELL} /home/wilder/programming/github-wilder-inc/bloom-cpp98/install-sh'
libdir='${exec_prefix}/lib'
libexecdir='${exec_prefix}/libexec'
localedir='${datarootdir}/locale'
localstatedir='${prefix}/var'
mandir='${datarootdir}/man'
mkdir_p='$(MKDIR_P)'
oldincludedir='/usr/include'
pdfdir='${docdir}'
prefix='/usr/local'
program_transform_name='s,x,x,'
psdir='${docdir}'
sbindir='${exec_prefix}/sbin'
sharedstatedir='${prefix}/com'
sysconfdir='${prefix}/etc'
target_alias=''

## ----------- ##
## confdefs.h. ##
## ----------- ##

/* confdefs.h */
#define PACKAGE_NAME "bloompp"
#define PACKAGE_TARNAME "bloompp"
#define PACKAGE_VERSION "1.4.34-dev"
#define PACKAGE_STRING "bloompp 1.4.34-dev"
#define PACKAGE_BUGREPORT "sergei.khairulin@gmail.com"
#define PACKAGE_URL ""
#define STDC_HEADERS 1
#define HAVE_SYS_TYPES_H 1
#define HAVE_SYS_STAT_H 1
#define HAVE_STDLIB_H 1
#define HAVE_STRING_H 1
#define HAVE_MEMORY_H 1
#define HAVE_STRINGS_H 1
#define HAVE_INTTYPES_H 1
#define HAVE_STDINT_H 1
#define HAVE_UNISTD_H 1
#define HAVE_DLFCN_H 1
#define LT_OBJDIR ".libs/"
#define PACKAGE "bloompp"
#define VERSION "1.4.34-dev"
#define HAVE_LIBC 1
#define HAVE_LIBPTHREAD 1
#define HAVE_ARPA_INET_H 1
#define HAVE_NETINET_IN_H 1
#define HAVE_STDDEF_H 1
#define HAVE_STDLIB_H 1
#define HAVE_STRING_H 1
#define HAVE_SYS_IOCTL_H 1
#define HAVE_SYS_SOCKET_H 1
#define HAVE_SYS_TIME_H 1
#define HAVE_UNISTD_H 1
#define HAVE__BOOL 1
#define HAVE_STDLIB_H 1
#define HAVE_MALLOC 1
#define TIME_WITH_SYS_TIME 1
#define HAVE_SYS_TIME_H 1
#define HAVE_UNISTD_H 1
#define HAVE_ALARM 1
#define HAVE_STDLIB_H 1
#define HAVE_REALLOC 1
#define HAVE_CLOCK_GETTIME 1
#define HAVE_INET_NTOA 1
#define HAVE_MEMCHR 1
#define HAVE_MEMMOVE 1
#define HAVE_MEMSET 1
#define HAVE_SELECT 1
#define HAVE_SOCKET 1

configure: exit 0
